2025.11.29 16:04:40 INFO  Started: Metals version 1.6.4 in folders 'C:\Users\Joshua Goon\OneDrive\Documents\GitHub\Capstone-Project' for client Visual Studio Code 1.106.3.
2025.11.29 16:04:42 WARN  Using H2 2.4.240 which is newer than the version Flyway has been verified with. The latest verified version of H2 is 2.3.232.
2025.11.29 16:04:43 INFO  no build target found for C:\Users\Joshua Goon\OneDrive\Documents\GitHub\Capstone-Project\app\src\main\scala\org\example\controllers\AIRecommendationController.scala. Using presentation compiler with project's scala-library version: 3.3.6
Nov 29, 2025 4:05:01 PM org.eclipse.lsp4j.jsonrpc.RemoteEndpoint handleCancellation
WARNING: Unmatched cancel notification for request id 1
2025.11.29 16:05:01 WARN  no build target for: C:\Users\Joshua Goon\OneDrive\Documents\GitHub\Capstone-Project\app\src\main\scala\org\example\controllers\AIRecommendationController.scala
2025.11.29 16:05:01 INFO  no build target found for C:\Users\Joshua Goon\OneDrive\Documents\GitHub\Capstone-Project\app\src\main\scala\org\example\controllers\AIRecommendationController.scala. Using presentation compiler with project's scala-library version: 3.3.6
2025.11.29 16:05:01 INFO  no build target found for C:\Users\Joshua Goon\OneDrive\Documents\GitHub\Capstone-Project\app\src\main\scala\org\example\controllers\AIRecommendationController.scala. Using presentation compiler with project's scala-library version: 3.3.6
2025.11.29 16:05:01 INFO  no build target found for C:\Users\Joshua Goon\OneDrive\Documents\GitHub\Capstone-Project\app\src\main\scala\org\example\controllers\AIRecommendationController.scala. Using presentation compiler with project's scala-library version: 3.3.6
Nov 29, 2025 4:05:02 PM org.eclipse.lsp4j.jsonrpc.RemoteEndpoint handleCancellation
WARNING: Unmatched cancel notification for request id 7
2025.11.29 16:05:01 INFO  no build target found for C:\Users\Joshua Goon\OneDrive\Documents\GitHub\Capstone-Project\app\src\main\scala\org\example\controllers\AIRecommendationController.scala. Using presentation compiler with project's scala-library version: 3.3.6
Nov 29, 2025 4:05:02 PM org.eclipse.lsp4j.jsonrpc.RemoteEndpoint handleCancellation
WARNING: Unmatched cancel notification for request id 10
2025.11.29 16:05:02 INFO  no build target found for C:\Users\Joshua Goon\OneDrive\Documents\GitHub\Capstone-Project\app\src\main\scala\org\example\controllers\AIRecommendationController.scala. Using presentation compiler with project's scala-library version: 3.3.6
2025.11.29 16:05:02 INFO  no build target found for C:\Users\Joshua Goon\OneDrive\Documents\GitHub\Capstone-Project\app\src\main\scala\org\example\controllers\AIRecommendationController.scala. Using presentation compiler with project's scala-library version: 3.3.6
2025.11.29 16:05:02 INFO  no build target found for C:\Users\Joshua Goon\OneDrive\Documents\GitHub\Capstone-Project\app\src\main\scala\org\example\controllers\AIRecommendationController.scala. Using presentation compiler with project's scala-library version: 3.3.6
2025.11.29 16:05:02 INFO  no build target found for C:\Users\Joshua Goon\OneDrive\Documents\GitHub\Capstone-Project\app\src\main\scala\org\example\controllers\AIRecommendationController.scala. Using presentation compiler with project's scala-library version: 3.3.6
Nov 29, 2025 4:05:03 PM org.eclipse.lsp4j.jsonrpc.RemoteEndpoint handleCancellation
WARNING: Unmatched cancel notification for request id 13
2025.11.29 16:05:02 INFO  no build target found for C:\Users\Joshua Goon\OneDrive\Documents\GitHub\Capstone-Project\app\src\main\scala\org\example\controllers\AIRecommendationController.scala. Using presentation compiler with project's scala-library version: 3.3.6
2025.11.29 16:05:02 INFO  no build target found for C:\Users\Joshua Goon\OneDrive\Documents\GitHub\Capstone-Project\app\src\main\scala\org\example\controllers\AIRecommendationController.scala. Using presentation compiler with project's scala-library version: 3.3.6
2025.11.29 16:05:02 INFO  no build target found for C:\Users\Joshua Goon\OneDrive\Documents\GitHub\Capstone-Project\app\src\main\scala\org\example\controllers\AIRecommendationController.scala. Using presentation compiler with project's scala-library version: 3.3.6
Nov 29, 2025 4:05:03 PM org.eclipse.lsp4j.jsonrpc.RemoteEndpoint handleCancellation
WARNING: Unmatched cancel notification for request id 21
2025.11.29 16:05:02 INFO  no build target found for C:\Users\Joshua Goon\OneDrive\Documents\GitHub\Capstone-Project\app\src\main\scala\org\example\controllers\AIRecommendationController.scala. Using presentation compiler with project's scala-library version: 3.3.6
2025.11.29 16:05:04 INFO  no build target found for C:\Users\Joshua Goon\OneDrive\Documents\GitHub\Capstone-Project\app\src\main\scala\org\example\services\AIRecommendationService.scala. Using presentation compiler with project's scala-library version: 3.3.6
2025.11.29 16:05:05 INFO  no build target found for C:\Users\Joshua Goon\OneDrive\Documents\GitHub\Capstone-Project\app\src\main\scala\org\example\services\AIRecommendationService.scala. Using presentation compiler with project's scala-library version: 3.3.6
2025.11.29 16:05:05 INFO  no build target found for C:\Users\Joshua Goon\OneDrive\Documents\GitHub\Capstone-Project\app\src\main\scala\org\example\services\AIRecommendationService.scala. Using presentation compiler with project's scala-library version: 3.3.6
Nov 29, 2025 4:05:05 PM org.eclipse.lsp4j.jsonrpc.RemoteEndpoint handleCancellation
WARNING: Unmatched cancel notification for request id 29
2025.11.29 16:05:05 INFO  no build target found for C:\Users\Joshua Goon\OneDrive\Documents\GitHub\Capstone-Project\app\src\main\scala\org\example\services\AIRecommendationService.scala. Using presentation compiler with project's scala-library version: 3.3.6
2025.11.29 16:05:08 INFO  no build target found for C:\Users\Joshua Goon\OneDrive\Documents\GitHub\Capstone-Project\app\src\main\scala\org\example\services\AIRecommendationService.scala. Using presentation compiler with project's scala-library version: 3.3.6
2025.11.29 16:05:08 INFO  no build target found for C:\Users\Joshua Goon\OneDrive\Documents\GitHub\Capstone-Project\app\src\main\scala\org\example\services\AIRecommendationService.scala. Using presentation compiler with project's scala-library version: 3.3.6
2025.11.29 16:05:08 INFO  no build target found for C:\Users\Joshua Goon\OneDrive\Documents\GitHub\Capstone-Project\app\src\main\scala\org\example\services\AIRecommendationService.scala. Using presentation compiler with project's scala-library version: 3.3.6
2025.11.29 16:05:08 INFO  no build target found for C:\Users\Joshua Goon\OneDrive\Documents\GitHub\Capstone-Project\app\src\main\scala\org\example\services\AIRecommendationService.scala. Using presentation compiler with project's scala-library version: 3.3.6
2025.11.29 16:05:08 INFO  no build target found for C:\Users\Joshua Goon\OneDrive\Documents\GitHub\Capstone-Project\app\src\main\scala\org\example\services\AIRecommendationService.scala. Using presentation compiler with project's scala-library version: 3.3.6
2025.11.29 16:05:10 INFO  no build target found for C:\Users\Joshua Goon\OneDrive\Documents\GitHub\Capstone-Project\app\src\main\scala\org\example\services\AIRecommendationService.scala. Using presentation compiler with project's scala-library version: 3.3.6
Nov 29, 2025 4:05:10 PM org.eclipse.lsp4j.jsonrpc.RemoteEndpoint handleCancellation
WARNING: Unmatched cancel notification for request id 41
2025.11.29 16:05:10 INFO  no build target found for C:\Users\Joshua Goon\OneDrive\Documents\GitHub\Capstone-Project\app\src\main\scala\org\example\services\AIRecommendationService.scala. Using presentation compiler with project's scala-library version: 3.3.6
2025.11.29 16:05:16 INFO  no build target found for C:\Users\Joshua Goon\OneDrive\Documents\GitHub\Capstone-Project\app\src\main\scala\org\example\services\AIRecommendationService.scala. Using presentation compiler with project's scala-library version: 3.3.6
2025.11.29 16:05:16 INFO  no build target found for C:\Users\Joshua Goon\OneDrive\Documents\GitHub\Capstone-Project\app\src\main\scala\org\example\services\AIRecommendationService.scala. Using presentation compiler with project's scala-library version: 3.3.6
2025.11.29 16:05:22 INFO  no build target found for C:\Users\Joshua Goon\OneDrive\Documents\GitHub\Capstone-Project\app\src\main\scala\org\example\services\AIRecommendationService.scala. Using presentation compiler with project's scala-library version: 3.3.6
2025.11.29 16:05:26 INFO  no build target found for C:\Users\Joshua Goon\OneDrive\Documents\GitHub\Capstone-Project\app\src\main\scala\org\example\controllers\AIRecommendationController.scala. Using presentation compiler with project's scala-library version: 3.3.6
2025.11.29 16:05:28 INFO  no build target found for C:\Users\Joshua Goon\OneDrive\Documents\GitHub\Capstone-Project\app\src\main\scala\org\example\services\AIRecommendationService.scala. Using presentation compiler with project's scala-library version: 3.3.6
2025.11.29 16:05:34 WARN  no build target for: C:\Users\Joshua Goon\OneDrive\Documents\GitHub\Capstone-Project\app\src\main\scala\org\example\services\AIRecommendationService.scala
2025.11.29 16:05:34 INFO  no build target found for C:\Users\Joshua Goon\OneDrive\Documents\GitHub\Capstone-Project\app\src\main\scala\org\example\services\AIRecommendationService.scala. Using presentation compiler with project's scala-library version: 3.3.6
2025.11.29 16:05:34 INFO  no build target found for C:\Users\Joshua Goon\OneDrive\Documents\GitHub\Capstone-Project\app\src\main\scala\org\example\services\AIRecommendationService.scala. Using presentation compiler with project's scala-library version: 3.3.6
Nov 29, 2025 4:05:34 PM org.eclipse.lsp4j.jsonrpc.RemoteEndpoint handleCancellation
WARNING: Unmatched cancel notification for request id 50
2025.11.29 16:05:34 INFO  no build target found for C:\Users\Joshua Goon\OneDrive\Documents\GitHub\Capstone-Project\app\src\main\scala\org\example\services\AIRecommendationService.scala. Using presentation compiler with project's scala-library version: 3.3.6
2025.11.29 16:05:34 INFO  no build target found for C:\Users\Joshua Goon\OneDrive\Documents\GitHub\Capstone-Project\app\src\main\scala\org\example\services\AIRecommendationService.scala. Using presentation compiler with project's scala-library version: 3.3.6
2025.11.29 16:05:35 INFO  no build target found for C:\Users\Joshua Goon\OneDrive\Documents\GitHub\Capstone-Project\app\src\main\scala\org\example\services\AIRecommendationService.scala. Using presentation compiler with project's scala-library version: 3.3.6
2025.11.29 16:05:35 INFO  no build target found for C:\Users\Joshua Goon\OneDrive\Documents\GitHub\Capstone-Project\app\src\main\scala\org\example\services\AIRecommendationService.scala. Using presentation compiler with project's scala-library version: 3.3.6
2025.11.29 16:05:40 INFO  no build target found for C:\Users\Joshua Goon\OneDrive\Documents\GitHub\Capstone-Project\app\src\main\scala\org\example\services\AIRecommendationService.scala. Using presentation compiler with project's scala-library version: 3.3.6
2025.11.29 16:05:42 INFO  no build target found for C:\Users\Joshua Goon\OneDrive\Documents\GitHub\Capstone-Project\app\src\main\scala\org\example\services\AIRecommendationService.scala. Using presentation compiler with project's scala-library version: 3.3.6
2025.11.29 16:05:42 INFO  no build target found for C:\Users\Joshua Goon\OneDrive\Documents\GitHub\Capstone-Project\app\src\main\scala\org\example\services\AIRecommendationService.scala. Using presentation compiler with project's scala-library version: 3.3.6
2025.11.29 16:05:43 INFO  no build target found for C:\Users\Joshua Goon\OneDrive\Documents\GitHub\Capstone-Project\app\src\main\scala\org\example\services\AIRecommendationService.scala. Using presentation compiler with project's scala-library version: 3.3.6
2025.11.29 16:05:43 INFO  no build target found for C:\Users\Joshua Goon\OneDrive\Documents\GitHub\Capstone-Project\app\src\main\scala\org\example\services\AIRecommendationService.scala. Using presentation compiler with project's scala-library version: 3.3.6
2025.11.29 16:05:43 INFO  no build target found for C:\Users\Joshua Goon\OneDrive\Documents\GitHub\Capstone-Project\app\src\main\scala\org\example\services\AIRecommendationService.scala. Using presentation compiler with project's scala-library version: 3.3.6
2025.11.29 16:05:43 INFO  no build target found for C:\Users\Joshua Goon\OneDrive\Documents\GitHub\Capstone-Project\app\src\main\scala\org\example\services\AIRecommendationService.scala. Using presentation compiler with project's scala-library version: 3.3.6
2025.11.29 16:05:45 INFO  no build target found for C:\Users\Joshua Goon\OneDrive\Documents\GitHub\Capstone-Project\app\src\main\scala\org\example\services\AIRecommendationService.scala. Using presentation compiler with project's scala-library version: 3.3.6
2025.11.29 16:05:45 INFO  no build target found for C:\Users\Joshua Goon\OneDrive\Documents\GitHub\Capstone-Project\app\src\main\scala\org\example\services\AIRecommendationService.scala. Using presentation compiler with project's scala-library version: 3.3.6
2025.11.29 16:07:33 INFO  no build target found for C:\Users\Joshua Goon\OneDrive\Documents\GitHub\Capstone-Project\app\src\main\scala\org\example\services\AIRecommendationService.scala. Using presentation compiler with project's scala-library version: 3.3.6
2025.11.29 16:07:33 INFO  no build target found for C:\Users\Joshua Goon\OneDrive\Documents\GitHub\Capstone-Project\app\src\main\scala\org\example\services\AIRecommendationService.scala. Using presentation compiler with project's scala-library version: 3.3.6
2025.11.29 16:07:34 INFO  no build target found for C:\Users\Joshua Goon\OneDrive\Documents\GitHub\Capstone-Project\app\src\main\scala\org\example\services\AIRecommendationService.scala. Using presentation compiler with project's scala-library version: 3.3.6
2025.11.29 16:07:34 INFO  no build target found for C:\Users\Joshua Goon\OneDrive\Documents\GitHub\Capstone-Project\app\src\main\scala\org\example\services\AIRecommendationService.scala. Using presentation compiler with project's scala-library version: 3.3.6
2025.11.29 16:07:34 INFO  no build target found for C:\Users\Joshua Goon\OneDrive\Documents\GitHub\Capstone-Project\app\src\main\scala\org\example\services\AIRecommendationService.scala. Using presentation compiler with project's scala-library version: 3.3.6
Nov 29, 2025 4:07:39 PM org.eclipse.lsp4j.jsonrpc.RemoteEndpoint handleCancellation
WARNING: Unmatched cancel notification for request id 75
Nov 29, 2025 4:07:39 PM org.eclipse.lsp4j.jsonrpc.RemoteEndpoint handleCancellation
WARNING: Unmatched cancel notification for request id 76
2025.11.29 16:07:39 INFO  no build target found for C:\Users\Joshua Goon\OneDrive\Documents\GitHub\Capstone-Project\app\src\main\scala\org\example\services\AIRecommendationService.scala. Using presentation compiler with project's scala-library version: 3.3.6
2025.11.29 16:07:39 INFO  no build target found for C:\Users\Joshua Goon\OneDrive\Documents\GitHub\Capstone-Project\app\src\main\scala\org\example\services\AIRecommendationService.scala. Using presentation compiler with project's scala-library version: 3.3.6
2025.11.29 16:07:39 INFO  no build target found for C:\Users\Joshua Goon\OneDrive\Documents\GitHub\Capstone-Project\app\src\main\scala\org\example\services\AIRecommendationService.scala. Using presentation compiler with project's scala-library version: 3.3.6
2025.11.29 16:07:40 WARN  no build target for: C:\Users\Joshua Goon\OneDrive\Documents\GitHub\Capstone-Project\app\src\main\scala\org\example\services\AIRecommendationService.scala
2025.11.29 16:07:40 INFO  no build target found for C:\Users\Joshua Goon\OneDrive\Documents\GitHub\Capstone-Project\app\src\main\scala\org\example\services\AIRecommendationService.scala. Using presentation compiler with project's scala-library version: 3.3.6
Nov 29, 2025 4:07:40 PM org.eclipse.lsp4j.jsonrpc.RemoteEndpoint handleCancellation
WARNING: Unmatched cancel notification for request id 84
2025.11.29 16:07:40 INFO  no build target found for C:\Users\Joshua Goon\OneDrive\Documents\GitHub\Capstone-Project\app\src\main\scala\org\example\services\AIRecommendationService.scala. Using presentation compiler with project's scala-library version: 3.3.6
2025.11.29 16:07:41 INFO  no build target found for C:\Users\Joshua Goon\OneDrive\Documents\GitHub\Capstone-Project\app\src\main\scala\org\example\services\AIRecommendationService.scala. Using presentation compiler with project's scala-library version: 3.3.6
2025.11.29 16:07:43 INFO  no build target found for C:\Users\Joshua Goon\OneDrive\Documents\GitHub\Capstone-Project\app\src\main\scala\org\example\services\AIRecommendationService.scala. Using presentation compiler with project's scala-library version: 3.3.6
2025.11.29 16:08:14 INFO  no build target found for C:\Users\Joshua Goon\OneDrive\Documents\GitHub\Capstone-Project\app\src\main\scala\org\example\services\AIRecommendationService.scala. Using presentation compiler with project's scala-library version: 3.3.6
2025.11.29 16:08:14 INFO  no build target found for C:\Users\Joshua Goon\OneDrive\Documents\GitHub\Capstone-Project\app\src\main\scala\org\example\services\AIRecommendationService.scala. Using presentation compiler with project's scala-library version: 3.3.6
2025.11.29 16:08:14 INFO  no build target found for C:\Users\Joshua Goon\OneDrive\Documents\GitHub\Capstone-Project\app\src\main\scala\org\example\services\AIRecommendationService.scala. Using presentation compiler with project's scala-library version: 3.3.6
2025.11.29 16:08:16 INFO  no build target found for C:\Users\Joshua Goon\OneDrive\Documents\GitHub\Capstone-Project\app\src\main\scala\org\example\services\AIRecommendationService.scala. Using presentation compiler with project's scala-library version: 3.3.6
2025.11.29 16:08:16 WARN  no build target for: C:\Users\Joshua Goon\OneDrive\Documents\GitHub\Capstone-Project\app\src\main\scala\org\example\services\AIRecommendationService.scala
2025.11.29 16:08:16 INFO  no build target found for C:\Users\Joshua Goon\OneDrive\Documents\GitHub\Capstone-Project\app\src\main\scala\org\example\services\AIRecommendationService.scala. Using presentation compiler with project's scala-library version: 3.3.6
2025.11.29 16:08:16 INFO  no build target found for C:\Users\Joshua Goon\OneDrive\Documents\GitHub\Capstone-Project\app\src\main\scala\org\example\services\AIRecommendationService.scala. Using presentation compiler with project's scala-library version: 3.3.6
2025.11.29 16:11:21 WARN  no build target for: C:\Users\Joshua Goon\OneDrive\Documents\GitHub\Capstone-Project\app\src\main\scala\org\example\services\AIRecommendationService.scala
2025.11.29 16:11:21 INFO  no build target found for C:\Users\Joshua Goon\OneDrive\Documents\GitHub\Capstone-Project\app\src\main\scala\org\example\services\AIRecommendationService.scala. Using presentation compiler with project's scala-library version: 3.3.6
2025.11.29 16:11:21 INFO  no build target found for C:\Users\Joshua Goon\OneDrive\Documents\GitHub\Capstone-Project\app\src\main\scala\org\example\services\AIRecommendationService.scala. Using presentation compiler with project's scala-library version: 3.3.6
2025.11.29 16:11:21 INFO  no build target found for C:\Users\Joshua Goon\OneDrive\Documents\GitHub\Capstone-Project\app\src\main\scala\org\example\services\AIRecommendationService.scala. Using presentation compiler with project's scala-library version: 3.3.6
Nov 29, 2025 4:11:22 PM org.eclipse.lsp4j.jsonrpc.RemoteEndpoint handleCancellation
WARNING: Unmatched cancel notification for request id 136
2025.11.29 16:11:21 INFO  no build target found for C:\Users\Joshua Goon\OneDrive\Documents\GitHub\Capstone-Project\app\src\main\scala\org\example\services\AIRecommendationService.scala. Using presentation compiler with project's scala-library version: 3.3.6
2025.11.29 16:11:22 INFO  no build target found for C:\Users\Joshua Goon\OneDrive\Documents\GitHub\Capstone-Project\app\src\main\scala\org\example\services\AIRecommendationService.scala. Using presentation compiler with project's scala-library version: 3.3.6
2025.11.29 16:11:23 WARN  no build target for: C:\Users\Joshua Goon\OneDrive\Documents\GitHub\Capstone-Project\app\src\main\scala\org\example\services\AIRecommendationService.scala
2025.11.29 16:11:23 INFO  no build target found for C:\Users\Joshua Goon\OneDrive\Documents\GitHub\Capstone-Project\app\src\main\scala\org\example\services\AIRecommendationService.scala. Using presentation compiler with project's scala-library version: 3.3.6
2025.11.29 16:12:43 WARN  no build target for: C:\Users\Joshua Goon\OneDrive\Documents\GitHub\Capstone-Project\app\src\main\scala\org\example\services\AIRecommendationService.scala
2025.11.29 16:12:43 INFO  no build target found for C:\Users\Joshua Goon\OneDrive\Documents\GitHub\Capstone-Project\app\src\main\scala\org\example\services\AIRecommendationService.scala. Using presentation compiler with project's scala-library version: 3.3.6
2025.11.29 16:12:43 INFO  no build target found for C:\Users\Joshua Goon\OneDrive\Documents\GitHub\Capstone-Project\app\src\main\scala\org\example\services\AIRecommendationService.scala. Using presentation compiler with project's scala-library version: 3.3.6
2025.11.29 16:12:43 INFO  no build target found for C:\Users\Joshua Goon\OneDrive\Documents\GitHub\Capstone-Project\app\src\main\scala\org\example\services\AIRecommendationService.scala. Using presentation compiler with project's scala-library version: 3.3.6
2025.11.29 16:12:43 INFO  no build target found for C:\Users\Joshua Goon\OneDrive\Documents\GitHub\Capstone-Project\app\src\main\scala\org\example\services\AIRecommendationService.scala. Using presentation compiler with project's scala-library version: 3.3.6
2025.11.29 16:12:46 INFO  no build target found for C:\Users\Joshua Goon\OneDrive\Documents\GitHub\Capstone-Project\app\src\main\scala\org\example\services\AIRecommendationService.scala. Using presentation compiler with project's scala-library version: 3.3.6
2025.11.29 16:29:42 INFO  no build target found for C:\Users\Joshua Goon\OneDrive\Documents\GitHub\Capstone-Project\app\src\main\scala\org\example\controllers\AIRecommendationController.scala. Using presentation compiler with project's scala-library version: 3.3.6
2025.11.29 16:29:42 INFO  no build target found for C:\Users\Joshua Goon\OneDrive\Documents\GitHub\Capstone-Project\app\src\main\scala\org\example\controllers\AIRecommendationController.scala. Using presentation compiler with project's scala-library version: 3.3.6
2025.11.29 16:29:42 INFO  no build target found for C:\Users\Joshua Goon\OneDrive\Documents\GitHub\Capstone-Project\app\src\main\scala\org\example\controllers\AIRecommendationController.scala. Using presentation compiler with project's scala-library version: 3.3.6
2025.11.29 16:29:42 INFO  no build target found for C:\Users\Joshua Goon\OneDrive\Documents\GitHub\Capstone-Project\app\src\main\scala\org\example\controllers\AIRecommendationController.scala. Using presentation compiler with project's scala-library version: 3.3.6
2025.11.29 16:29:42 INFO  no build target found for C:\Users\Joshua Goon\OneDrive\Documents\GitHub\Capstone-Project\app\src\main\scala\org\example\controllers\AIRecommendationController.scala. Using presentation compiler with project's scala-library version: 3.3.6
2025.11.29 16:29:43 INFO  no build target found for C:\Users\Joshua Goon\OneDrive\Documents\GitHub\Capstone-Project\app\src\main\scala\org\example\controllers\AIRecommendationController.scala. Using presentation compiler with project's scala-library version: 3.3.6
2025.11.29 16:29:43 INFO  no build target found for C:\Users\Joshua Goon\OneDrive\Documents\GitHub\Capstone-Project\app\src\main\scala\org\example\controllers\AIRecommendationController.scala. Using presentation compiler with project's scala-library version: 3.3.6
2025.11.29 16:29:43 INFO  no build target found for C:\Users\Joshua Goon\OneDrive\Documents\GitHub\Capstone-Project\app\src\main\scala\org\example\controllers\AIRecommendationController.scala. Using presentation compiler with project's scala-library version: 3.3.6
2025.11.29 16:29:44 INFO  no build target found for C:\Users\Joshua Goon\OneDrive\Documents\GitHub\Capstone-Project\app\src\main\scala\org\example\controllers\AIRecommendationController.scala. Using presentation compiler with project's scala-library version: 3.3.6
2025.11.29 16:29:44 INFO  Created report: Optional[file:///C:/Users/Joshua%20Goon/OneDrive/Documents/GitHub/Capstone-Project/app/src/main/scala/org/example/controllers/AIRecommendationController.scala]
2025.11.29 16:29:44 INFO  empty definition using pc, found symbol in pc: `<none>`. (full report at: "C:\Users\Joshua Goon\OneDrive\Documents\GitHub\Capstone-Project\.metals\.reports\metals-full\2025-11-29\r_empty-definition_16-29-45-319.md")
2025.11.29 16:29:45 INFO  no build target found for C:\Users\Joshua Goon\OneDrive\Documents\GitHub\Capstone-Project\app\src\main\scala\org\example\controllers\AIRecommendationController.scala. Using presentation compiler with project's scala-library version: 3.3.6
2025.11.29 16:29:45 INFO  no build target found for C:\Users\Joshua Goon\OneDrive\Documents\GitHub\Capstone-Project\app\src\main\scala\org\example\controllers\AIRecommendationController.scala. Using presentation compiler with project's scala-library version: 3.3.6
2025.11.29 16:29:45 INFO  no build target found for C:\Users\Joshua Goon\OneDrive\Documents\GitHub\Capstone-Project\app\src\main\scala\org\example\controllers\AIRecommendationController.scala. Using presentation compiler with project's scala-library version: 3.3.6
2025.11.29 16:29:45 INFO  no build target found for C:\Users\Joshua Goon\OneDrive\Documents\GitHub\Capstone-Project\app\src\main\scala\org\example\controllers\AIRecommendationController.scala. Using presentation compiler with project's scala-library version: 3.3.6
2025.11.29 16:29:45 INFO  no build target found for C:\Users\Joshua Goon\OneDrive\Documents\GitHub\Capstone-Project\app\src\main\scala\org\example\controllers\AIRecommendationController.scala. Using presentation compiler with project's scala-library version: 3.3.6
2025.11.29 16:29:45 INFO  no build target found for C:\Users\Joshua Goon\OneDrive\Documents\GitHub\Capstone-Project\app\src\main\scala\org\example\controllers\AIRecommendationController.scala. Using presentation compiler with project's scala-library version: 3.3.6
2025.11.29 16:29:45 INFO  no build target found for C:\Users\Joshua Goon\OneDrive\Documents\GitHub\Capstone-Project\app\src\main\scala\org\example\controllers\AIRecommendationController.scala. Using presentation compiler with project's scala-library version: 3.3.6
2025.11.29 16:29:46 INFO  no build target found for C:\Users\Joshua Goon\OneDrive\Documents\GitHub\Capstone-Project\app\src\main\scala\org\example\controllers\AIRecommendationController.scala. Using presentation compiler with project's scala-library version: 3.3.6
2025.11.29 16:29:49 INFO  no build target found for C:\Users\Joshua Goon\OneDrive\Documents\GitHub\Capstone-Project\app\src\main\scala\org\example\controllers\AIRecommendationController.scala. Using presentation compiler with project's scala-library version: 3.3.6
2025.11.29 16:32:51 INFO  no build target found for C:\Users\Joshua Goon\OneDrive\Documents\GitHub\Capstone-Project\app\src\main\scala\org\example\controllers\AIRecommendationController.scala. Using presentation compiler with project's scala-library version: 3.3.6
2025.11.29 16:32:53 INFO  no build target found for C:\Users\Joshua Goon\OneDrive\Documents\GitHub\Capstone-Project\app\src\main\scala\org\example\controllers\AIRecommendationController.scala. Using presentation compiler with project's scala-library version: 3.3.6
2025.11.29 16:32:54 INFO  no build target found for C:\Users\Joshua Goon\OneDrive\Documents\GitHub\Capstone-Project\app\src\main\scala\org\example\controllers\AIRecommendationController.scala. Using presentation compiler with project's scala-library version: 3.3.6
2025.11.29 16:32:55 INFO  no build target found for C:\Users\Joshua Goon\OneDrive\Documents\GitHub\Capstone-Project\app\src\main\scala\org\example\controllers\AIRecommendationController.scala. Using presentation compiler with project's scala-library version: 3.3.6
2025.11.29 16:32:55 INFO  no build target found for C:\Users\Joshua Goon\OneDrive\Documents\GitHub\Capstone-Project\app\src\main\scala\org\example\controllers\AIRecommendationController.scala. Using presentation compiler with project's scala-library version: 3.3.6
2025.11.29 16:32:58 INFO  no build target found for C:\Users\Joshua Goon\OneDrive\Documents\GitHub\Capstone-Project\app\src\main\scala\org\example\controllers\AIRecommendationController.scala. Using presentation compiler with project's scala-library version: 3.3.6
2025.11.29 16:32:58 INFO  no build target found for C:\Users\Joshua Goon\OneDrive\Documents\GitHub\Capstone-Project\app\src\main\scala\org\example\controllers\AIRecommendationController.scala. Using presentation compiler with project's scala-library version: 3.3.6
2025.11.29 16:32:58 INFO  no build target found for C:\Users\Joshua Goon\OneDrive\Documents\GitHub\Capstone-Project\app\src\main\scala\org\example\controllers\AIRecommendationController.scala. Using presentation compiler with project's scala-library version: 3.3.6
2025.11.29 16:32:58 INFO  no build target found for C:\Users\Joshua Goon\OneDrive\Documents\GitHub\Capstone-Project\app\src\main\scala\org\example\controllers\AIRecommendationController.scala. Using presentation compiler with project's scala-library version: 3.3.6
2025.11.29 16:32:58 INFO  no build target found for C:\Users\Joshua Goon\OneDrive\Documents\GitHub\Capstone-Project\app\src\main\scala\org\example\controllers\AIRecommendationController.scala. Using presentation compiler with project's scala-library version: 3.3.6
2025.11.29 16:32:58 INFO  no build target found for C:\Users\Joshua Goon\OneDrive\Documents\GitHub\Capstone-Project\app\src\main\scala\org\example\controllers\AIRecommendationController.scala. Using presentation compiler with project's scala-library version: 3.3.6
2025.11.29 16:32:58 INFO  no build target found for C:\Users\Joshua Goon\OneDrive\Documents\GitHub\Capstone-Project\app\src\main\scala\org\example\controllers\AIRecommendationController.scala. Using presentation compiler with project's scala-library version: 3.3.6
2025.11.29 16:32:59 INFO  no build target found for C:\Users\Joshua Goon\OneDrive\Documents\GitHub\Capstone-Project\app\src\main\scala\org\example\controllers\AIRecommendationController.scala. Using presentation compiler with project's scala-library version: 3.3.6
2025.11.29 16:32:59 INFO  no build target found for C:\Users\Joshua Goon\OneDrive\Documents\GitHub\Capstone-Project\app\src\main\scala\org\example\controllers\AIRecommendationController.scala. Using presentation compiler with project's scala-library version: 3.3.6
2025.11.29 16:32:59 INFO  no build target found for C:\Users\Joshua Goon\OneDrive\Documents\GitHub\Capstone-Project\app\src\main\scala\org\example\controllers\AIRecommendationController.scala. Using presentation compiler with project's scala-library version: 3.3.6
2025.11.29 16:32:59 INFO  no build target found for C:\Users\Joshua Goon\OneDrive\Documents\GitHub\Capstone-Project\app\src\main\scala\org\example\controllers\AIRecommendationController.scala. Using presentation compiler with project's scala-library version: 3.3.6
2025.11.29 16:32:59 INFO  no build target found for C:\Users\Joshua Goon\OneDrive\Documents\GitHub\Capstone-Project\app\src\main\scala\org\example\controllers\AIRecommendationController.scala. Using presentation compiler with project's scala-library version: 3.3.6
2025.11.29 16:33:00 INFO  no build target found for C:\Users\Joshua Goon\OneDrive\Documents\GitHub\Capstone-Project\app\src\main\scala\org\example\controllers\AIRecommendationController.scala. Using presentation compiler with project's scala-library version: 3.3.6
2025.11.29 16:33:00 INFO  no build target found for C:\Users\Joshua Goon\OneDrive\Documents\GitHub\Capstone-Project\app\src\main\scala\org\example\controllers\AIRecommendationController.scala. Using presentation compiler with project's scala-library version: 3.3.6
2025.11.29 16:33:00 INFO  no build target found for C:\Users\Joshua Goon\OneDrive\Documents\GitHub\Capstone-Project\app\src\main\scala\org\example\controllers\AIRecommendationController.scala. Using presentation compiler with project's scala-library version: 3.3.6
2025.11.29 16:33:02 INFO  no build target found for C:\Users\Joshua Goon\OneDrive\Documents\GitHub\Capstone-Project\app\src\main\scala\org\example\controllers\AIRecommendationController.scala. Using presentation compiler with project's scala-library version: 3.3.6
2025.11.29 16:33:05 INFO  no build target found for C:\Users\Joshua Goon\OneDrive\Documents\GitHub\Capstone-Project\app\src\main\scala\org\example\controllers\AIRecommendationController.scala. Using presentation compiler with project's scala-library version: 3.3.6
2025.11.29 16:33:05 INFO  no build target found for C:\Users\Joshua Goon\OneDrive\Documents\GitHub\Capstone-Project\app\src\main\scala\org\example\controllers\AIRecommendationController.scala. Using presentation compiler with project's scala-library version: 3.3.6
2025.11.29 16:33:08 INFO  no build target found for C:\Users\Joshua Goon\OneDrive\Documents\GitHub\Capstone-Project\app\src\main\scala\org\example\controllers\AIRecommendationController.scala. Using presentation compiler with project's scala-library version: 3.3.6
2025.11.29 16:33:10 INFO  no build target found for C:\Users\Joshua Goon\OneDrive\Documents\GitHub\Capstone-Project\app\src\main\scala\org\example\controllers\AIRecommendationController.scala. Using presentation compiler with project's scala-library version: 3.3.6
2025.11.29 16:33:10 INFO  no build target found for C:\Users\Joshua Goon\OneDrive\Documents\GitHub\Capstone-Project\app\src\main\scala\org\example\controllers\AIRecommendationController.scala. Using presentation compiler with project's scala-library version: 3.3.6
2025.11.29 16:34:40 INFO  no build target found for C:\Users\Joshua Goon\OneDrive\Documents\GitHub\Capstone-Project\app\src\main\scala\org\example\controllers\AIRecommendationController.scala. Using presentation compiler with project's scala-library version: 3.3.6
2025.11.29 16:34:40 INFO  no build target found for C:\Users\Joshua Goon\OneDrive\Documents\GitHub\Capstone-Project\app\src\main\scala\org\example\controllers\AIRecommendationController.scala. Using presentation compiler with project's scala-library version: 3.3.6
2025.11.29 16:34:40 INFO  no build target found for C:\Users\Joshua Goon\OneDrive\Documents\GitHub\Capstone-Project\app\src\main\scala\org\example\controllers\AIRecommendationController.scala. Using presentation compiler with project's scala-library version: 3.3.6
2025.11.29 16:34:41 INFO  no build target found for C:\Users\Joshua Goon\OneDrive\Documents\GitHub\Capstone-Project\app\src\main\scala\org\example\controllers\AIRecommendationController.scala. Using presentation compiler with project's scala-library version: 3.3.6
2025.11.29 16:34:40 INFO  no build target found for C:\Users\Joshua Goon\OneDrive\Documents\GitHub\Capstone-Project\app\src\main\scala\org\example\controllers\AIRecommendationController.scala. Using presentation compiler with project's scala-library version: 3.3.6
2025.11.29 16:34:41 INFO  empty definition using pc, found symbol in pc: `<none>`. (full report at: "C:\Users\Joshua Goon\OneDrive\Documents\GitHub\Capstone-Project\.metals\.reports\metals-full\2025-11-29\r_empty-definition_16-29-45-319.md")
2025.11.29 16:34:41 INFO  no build target found for C:\Users\Joshua Goon\OneDrive\Documents\GitHub\Capstone-Project\app\src\main\scala\org\example\controllers\AIRecommendationController.scala. Using presentation compiler with project's scala-library version: 3.3.6
2025.11.29 16:34:41 INFO  no build target found for C:\Users\Joshua Goon\OneDrive\Documents\GitHub\Capstone-Project\app\src\main\scala\org\example\controllers\AIRecommendationController.scala. Using presentation compiler with project's scala-library version: 3.3.6
2025.11.29 16:34:42 INFO  no build target found for C:\Users\Joshua Goon\OneDrive\Documents\GitHub\Capstone-Project\app\src\main\scala\org\example\controllers\AIRecommendationController.scala. Using presentation compiler with project's scala-library version: 3.3.6
2025.11.29 16:34:42 INFO  no build target found for C:\Users\Joshua Goon\OneDrive\Documents\GitHub\Capstone-Project\app\src\main\scala\org\example\controllers\AIRecommendationController.scala. Using presentation compiler with project's scala-library version: 3.3.6
2025.11.29 16:34:42 WARN  no build target for: C:\Users\Joshua Goon\OneDrive\Documents\GitHub\Capstone-Project\app\src\main\scala\org\example\controllers\AIRecommendationController.scala
2025.11.29 16:34:42 INFO  no build target found for C:\Users\Joshua Goon\OneDrive\Documents\GitHub\Capstone-Project\app\src\main\scala\org\example\controllers\AIRecommendationController.scala. Using presentation compiler with project's scala-library version: 3.3.6
2025.11.29 16:34:44 WARN  no build target for: C:\Users\Joshua Goon\OneDrive\Documents\GitHub\Capstone-Project\app\src\main\scala\org\example\controllers\AIRecommendationController.scala
2025.11.29 16:34:44 INFO  no build target found for C:\Users\Joshua Goon\OneDrive\Documents\GitHub\Capstone-Project\app\src\main\scala\org\example\controllers\AIRecommendationController.scala. Using presentation compiler with project's scala-library version: 3.3.6
2025.11.29 16:34:44 INFO  no build target found for C:\Users\Joshua Goon\OneDrive\Documents\GitHub\Capstone-Project\app\src\main\scala\org\example\controllers\AIRecommendationController.scala. Using presentation compiler with project's scala-library version: 3.3.6
2025.11.29 16:34:51 INFO  no build target found for C:\Users\Joshua Goon\OneDrive\Documents\GitHub\Capstone-Project\app\src\main\scala\org\example\controllers\AIRecommendationController.scala. Using presentation compiler with project's scala-library version: 3.3.6
2025.11.29 16:46:23 INFO  no build target found for C:\Users\Joshua Goon\OneDrive\Documents\GitHub\Capstone-Project\app\src\main\scala\org\example\models\RealStudent.scala. Using presentation compiler with project's scala-library version: 3.3.6
2025.11.29 16:46:23 WARN  Could not find semantic tokens for: file:///C:/Users/Joshua%20Goon/OneDrive/Documents/GitHub/Capstone-Project/app/src/main/scala/org/example/models/RealStudent.scala
2025.11.29 16:46:27 INFO  no build target found for C:\Users\Joshua Goon\OneDrive\Documents\GitHub\Capstone-Project\app\src\main\scala\org\example\models\RealStudent.scala. Using presentation compiler with project's scala-library version: 3.3.6
2025.11.29 16:46:27 INFO  no build target found for C:\Users\Joshua Goon\OneDrive\Documents\GitHub\Capstone-Project\app\src\main\scala\org\example\models\RealStudent.scala. Using presentation compiler with project's scala-library version: 3.3.6
2025.11.29 16:46:27 INFO  no build target found for C:\Users\Joshua Goon\OneDrive\Documents\GitHub\Capstone-Project\app\src\main\scala\org\example\models\RealStudent.scala. Using presentation compiler with project's scala-library version: 3.3.6
2025.11.29 16:46:28 INFO  no build target found for C:\Users\Joshua Goon\OneDrive\Documents\GitHub\Capstone-Project\app\src\main\scala\org\example\models\RealStudent.scala. Using presentation compiler with project's scala-library version: 3.3.6
2025.11.29 16:46:28 WARN  no build target for: C:\Users\Joshua Goon\OneDrive\Documents\GitHub\Capstone-Project\app\src\main\scala\org\example\models\RealStudent.scala
2025.11.29 16:46:28 INFO  no build target found for C:\Users\Joshua Goon\OneDrive\Documents\GitHub\Capstone-Project\app\src\main\scala\org\example\models\RealStudent.scala. Using presentation compiler with project's scala-library version: 3.3.6
2025.11.29 16:46:28 INFO  no build target found for C:\Users\Joshua Goon\OneDrive\Documents\GitHub\Capstone-Project\app\src\main\scala\org\example\models\RealStudent.scala. Using presentation compiler with project's scala-library version: 3.3.6
2025.11.29 16:46:28 INFO  no build target found for C:\Users\Joshua Goon\OneDrive\Documents\GitHub\Capstone-Project\app\src\main\scala\org\example\models\RealStudent.scala. Using presentation compiler with project's scala-library version: 3.3.6
2025.11.29 16:46:28 WARN  no build target for: C:\Users\Joshua Goon\OneDrive\Documents\GitHub\Capstone-Project\app\src\main\scala\org\example\models\RealStudent.scala
2025.11.29 16:46:28 INFO  no build target found for C:\Users\Joshua Goon\OneDrive\Documents\GitHub\Capstone-Project\app\src\main\scala\org\example\models\RealStudent.scala. Using presentation compiler with project's scala-library version: 3.3.6
2025.11.29 16:46:29 INFO  Created report: Optional[file:///C:/Users/Joshua%20Goon/OneDrive/Documents/GitHub/Capstone-Project/app/src/main/scala/org/example/models/RealStudent.scala]
2025.11.29 16:46:29 INFO  empty definition using pc, found symbol in pc: `<none>`. (full report at: "C:\Users\Joshua Goon\OneDrive\Documents\GitHub\Capstone-Project\.metals\.reports\metals-full\2025-11-29\r_empty-definition_16-46-29-547.md")
2025.11.29 16:46:37 INFO  no build target found for C:\Users\Joshua Goon\OneDrive\Documents\GitHub\Capstone-Project\app\src\main\scala\org\example\models\RealSubject.scala. Using presentation compiler with project's scala-library version: 3.3.6
2025.11.29 16:46:37 WARN  Could not find semantic tokens for: file:///C:/Users/Joshua%20Goon/OneDrive/Documents/GitHub/Capstone-Project/app/src/main/scala/org/example/models/RealSubject.scala
2025.11.29 16:46:41 INFO  no build target found for C:\Users\Joshua Goon\OneDrive\Documents\GitHub\Capstone-Project\app\src\main\scala\org\example\models\RealSubject.scala. Using presentation compiler with project's scala-library version: 3.3.6
2025.11.29 16:46:41 INFO  no build target found for C:\Users\Joshua Goon\OneDrive\Documents\GitHub\Capstone-Project\app\src\main\scala\org\example\models\RealSubject.scala. Using presentation compiler with project's scala-library version: 3.3.6
2025.11.29 16:46:41 INFO  no build target found for C:\Users\Joshua Goon\OneDrive\Documents\GitHub\Capstone-Project\app\src\main\scala\org\example\models\RealSubject.scala. Using presentation compiler with project's scala-library version: 3.3.6
2025.11.29 16:46:42 WARN  no build target for: C:\Users\Joshua Goon\OneDrive\Documents\GitHub\Capstone-Project\app\src\main\scala\org\example\models\RealSubject.scala
2025.11.29 16:46:42 INFO  no build target found for C:\Users\Joshua Goon\OneDrive\Documents\GitHub\Capstone-Project\app\src\main\scala\org\example\models\RealSubject.scala. Using presentation compiler with project's scala-library version: 3.3.6
2025.11.29 16:46:41 INFO  no build target found for C:\Users\Joshua Goon\OneDrive\Documents\GitHub\Capstone-Project\app\src\main\scala\org\example\models\RealSubject.scala. Using presentation compiler with project's scala-library version: 3.3.6
2025.11.29 16:47:03 INFO  no build target found for C:\Users\Joshua Goon\OneDrive\Documents\GitHub\Capstone-Project\app\src\main\scala\org\example\repositories\RealStudentRepository.scala. Using presentation compiler with project's scala-library version: 3.3.6
2025.11.29 16:47:03 WARN  Could not find semantic tokens for: file:///C:/Users/Joshua%20Goon/OneDrive/Documents/GitHub/Capstone-Project/app/src/main/scala/org/example/repositories/RealStudentRepository.scala
2025.11.29 16:47:08 INFO  no build target found for C:\Users\Joshua Goon\OneDrive\Documents\GitHub\Capstone-Project\app\src\main\scala\org\example\repositories\RealStudentRepository.scala. Using presentation compiler with project's scala-library version: 3.3.6
2025.11.29 16:47:08 INFO  no build target found for C:\Users\Joshua Goon\OneDrive\Documents\GitHub\Capstone-Project\app\src\main\scala\org\example\repositories\RealStudentRepository.scala. Using presentation compiler with project's scala-library version: 3.3.6
2025.11.29 16:47:08 INFO  no build target found for C:\Users\Joshua Goon\OneDrive\Documents\GitHub\Capstone-Project\app\src\main\scala\org\example\repositories\RealStudentRepository.scala. Using presentation compiler with project's scala-library version: 3.3.6
2025.11.29 16:47:09 INFO  no build target found for C:\Users\Joshua Goon\OneDrive\Documents\GitHub\Capstone-Project\app\src\main\scala\org\example\repositories\RealStudentRepository.scala. Using presentation compiler with project's scala-library version: 3.3.6
2025.11.29 16:47:09 WARN  no build target for: C:\Users\Joshua Goon\OneDrive\Documents\GitHub\Capstone-Project\app\src\main\scala\org\example\repositories\RealStudentRepository.scala
2025.11.29 16:47:09 INFO  no build target found for C:\Users\Joshua Goon\OneDrive\Documents\GitHub\Capstone-Project\app\src\main\scala\org\example\repositories\RealStudentRepository.scala. Using presentation compiler with project's scala-library version: 3.3.6
2025.11.29 16:47:22 INFO  no build target found for C:\Users\Joshua Goon\OneDrive\Documents\GitHub\Capstone-Project\app\src\main\scala\org\example\repositories\RealSubjectRepository.scala. Using presentation compiler with project's scala-library version: 3.3.6
2025.11.29 16:47:22 WARN  Could not find semantic tokens for: file:///C:/Users/Joshua%20Goon/OneDrive/Documents/GitHub/Capstone-Project/app/src/main/scala/org/example/repositories/RealSubjectRepository.scala
2025.11.29 16:47:29 INFO  no build target found for C:\Users\Joshua Goon\OneDrive\Documents\GitHub\Capstone-Project\app\src\main\scala\org\example\repositories\RealSubjectRepository.scala. Using presentation compiler with project's scala-library version: 3.3.6
2025.11.29 16:47:29 INFO  no build target found for C:\Users\Joshua Goon\OneDrive\Documents\GitHub\Capstone-Project\app\src\main\scala\org\example\repositories\RealSubjectRepository.scala. Using presentation compiler with project's scala-library version: 3.3.6
2025.11.29 16:47:29 INFO  no build target found for C:\Users\Joshua Goon\OneDrive\Documents\GitHub\Capstone-Project\app\src\main\scala\org\example\repositories\RealSubjectRepository.scala. Using presentation compiler with project's scala-library version: 3.3.6
2025.11.29 16:47:30 INFO  no build target found for C:\Users\Joshua Goon\OneDrive\Documents\GitHub\Capstone-Project\app\src\main\scala\org\example\repositories\RealSubjectRepository.scala. Using presentation compiler with project's scala-library version: 3.3.6
2025.11.29 16:47:30 WARN  no build target for: C:\Users\Joshua Goon\OneDrive\Documents\GitHub\Capstone-Project\app\src\main\scala\org\example\repositories\RealSubjectRepository.scala
2025.11.29 16:47:30 INFO  no build target found for C:\Users\Joshua Goon\OneDrive\Documents\GitHub\Capstone-Project\app\src\main\scala\org\example\repositories\RealSubjectRepository.scala. Using presentation compiler with project's scala-library version: 3.3.6
2025.11.29 16:47:58 WARN  no build target for: C:\Users\Joshua Goon\OneDrive\Documents\GitHub\Capstone-Project\app\src\main\scala\org\example\repositories\RealSubjectRepository.scala
2025.11.29 16:47:58 INFO  no build target found for C:\Users\Joshua Goon\OneDrive\Documents\GitHub\Capstone-Project\app\src\main\scala\org\example\repositories\RealSubjectRepository.scala. Using presentation compiler with project's scala-library version: 3.3.6
2025.11.29 16:47:58 INFO  no build target found for C:\Users\Joshua Goon\OneDrive\Documents\GitHub\Capstone-Project\app\src\main\scala\org\example\repositories\RealSubjectRepository.scala. Using presentation compiler with project's scala-library version: 3.3.6
2025.11.29 16:47:58 INFO  no build target found for C:\Users\Joshua Goon\OneDrive\Documents\GitHub\Capstone-Project\app\src\main\scala\org\example\repositories\RealSubjectRepository.scala. Using presentation compiler with project's scala-library version: 3.3.6
2025.11.29 16:47:59 WARN  no build target for: C:\Users\Joshua Goon\OneDrive\Documents\GitHub\Capstone-Project\app\src\main\scala\org\example\repositories\RealStudentRepository.scala
2025.11.29 16:47:59 INFO  no build target found for C:\Users\Joshua Goon\OneDrive\Documents\GitHub\Capstone-Project\app\src\main\scala\org\example\repositories\RealStudentRepository.scala. Using presentation compiler with project's scala-library version: 3.3.6
2025.11.29 16:47:59 INFO  no build target found for C:\Users\Joshua Goon\OneDrive\Documents\GitHub\Capstone-Project\app\src\main\scala\org\example\repositories\RealStudentRepository.scala. Using presentation compiler with project's scala-library version: 3.3.6
2025.11.29 16:47:59 INFO  no build target found for C:\Users\Joshua Goon\OneDrive\Documents\GitHub\Capstone-Project\app\src\main\scala\org\example\repositories\RealStudentRepository.scala. Using presentation compiler with project's scala-library version: 3.3.6
2025.11.29 16:48:01 WARN  no build target for: C:\Users\Joshua Goon\OneDrive\Documents\GitHub\Capstone-Project\app\src\main\scala\org\example\services\StudentDataService.scala
2025.11.29 16:48:01 INFO  no build target found for C:\Users\Joshua Goon\OneDrive\Documents\GitHub\Capstone-Project\app\src\main\scala\org\example\services\StudentDataService.scala. Using presentation compiler with project's scala-library version: 3.3.6
2025.11.29 16:48:01 WARN  Could not find semantic tokens for: file:///C:/Users/Joshua%20Goon/OneDrive/Documents/GitHub/Capstone-Project/app/src/main/scala/org/example/services/StudentDataService.scala
2025.11.29 16:48:05 INFO  no build target found for C:\Users\Joshua Goon\OneDrive\Documents\GitHub\Capstone-Project\app\src\main\scala\org\example\services\StudentDataService.scala. Using presentation compiler with project's scala-library version: 3.3.6
2025.11.29 16:48:05 INFO  no build target found for C:\Users\Joshua Goon\OneDrive\Documents\GitHub\Capstone-Project\app\src\main\scala\org\example\services\StudentDataService.scala. Using presentation compiler with project's scala-library version: 3.3.6
2025.11.29 16:48:06 INFO  no build target found for C:\Users\Joshua Goon\OneDrive\Documents\GitHub\Capstone-Project\app\src\main\scala\org\example\services\StudentDataService.scala. Using presentation compiler with project's scala-library version: 3.3.6
2025.11.29 16:48:06 INFO  no build target found for C:\Users\Joshua Goon\OneDrive\Documents\GitHub\Capstone-Project\app\src\main\scala\org\example\services\StudentDataService.scala. Using presentation compiler with project's scala-library version: 3.3.6
2025.11.29 16:48:06 WARN  no build target for: C:\Users\Joshua Goon\OneDrive\Documents\GitHub\Capstone-Project\app\src\main\scala\org\example\services\StudentDataService.scala
2025.11.29 16:48:06 INFO  no build target found for C:\Users\Joshua Goon\OneDrive\Documents\GitHub\Capstone-Project\app\src\main\scala\org\example\services\StudentDataService.scala. Using presentation compiler with project's scala-library version: 3.3.6
2025.11.29 16:48:13 WARN  no build target for: C:\Users\Joshua Goon\OneDrive\Documents\GitHub\Capstone-Project\app\src\main\scala\org\example\services\AIRecommendationService.scala
2025.11.29 16:48:13 INFO  no build target found for C:\Users\Joshua Goon\OneDrive\Documents\GitHub\Capstone-Project\app\src\main\scala\org\example\services\AIRecommendationService.scala. Using presentation compiler with project's scala-library version: 3.3.6
2025.11.29 16:48:13 INFO  no build target found for C:\Users\Joshua Goon\OneDrive\Documents\GitHub\Capstone-Project\app\src\main\scala\org\example\services\AIRecommendationService.scala. Using presentation compiler with project's scala-library version: 3.3.6
2025.11.29 16:48:13 INFO  no build target found for C:\Users\Joshua Goon\OneDrive\Documents\GitHub\Capstone-Project\app\src\main\scala\org\example\services\AIRecommendationService.scala. Using presentation compiler with project's scala-library version: 3.3.6
2025.11.29 16:48:18 WARN  no build target for: C:\Users\Joshua Goon\OneDrive\Documents\GitHub\Capstone-Project\app\src\main\scala\org\example\controllers\AIRecommendationController.scala
2025.11.29 16:48:18 INFO  no build target found for C:\Users\Joshua Goon\OneDrive\Documents\GitHub\Capstone-Project\app\src\main\scala\org\example\controllers\AIRecommendationController.scala. Using presentation compiler with project's scala-library version: 3.3.6
2025.11.29 16:48:18 INFO  no build target found for C:\Users\Joshua Goon\OneDrive\Documents\GitHub\Capstone-Project\app\src\main\scala\org\example\controllers\AIRecommendationController.scala. Using presentation compiler with project's scala-library version: 3.3.6
2025.11.29 16:48:18 INFO  no build target found for C:\Users\Joshua Goon\OneDrive\Documents\GitHub\Capstone-Project\app\src\main\scala\org\example\controllers\AIRecommendationController.scala. Using presentation compiler with project's scala-library version: 3.3.6
2025.11.29 16:48:18 INFO  no build target found for C:\Users\Joshua Goon\OneDrive\Documents\GitHub\Capstone-Project\app\src\main\scala\org\example\controllers\AIRecommendationController.scala. Using presentation compiler with project's scala-library version: 3.3.6
2025.11.29 16:48:19 INFO  no build target found for C:\Users\Joshua Goon\OneDrive\Documents\GitHub\Capstone-Project\app\src\main\scala\org\example\controllers\AIRecommendationController.scala. Using presentation compiler with project's scala-library version: 3.3.6
2025.11.29 16:48:19 INFO  no build target found for C:\Users\Joshua Goon\OneDrive\Documents\GitHub\Capstone-Project\app\src\main\scala\org\example\controllers\AIRecommendationController.scala. Using presentation compiler with project's scala-library version: 3.3.6
2025.11.29 16:49:19 INFO  no build target found for C:\Users\Joshua Goon\OneDrive\Documents\GitHub\Capstone-Project\app\src\main\scala\org\example\controllers\AIRecommendationController.scala. Using presentation compiler with project's scala-library version: 3.3.6
2025.11.29 16:49:19 INFO  no build target found for C:\Users\Joshua Goon\OneDrive\Documents\GitHub\Capstone-Project\app\src\main\scala\org\example\controllers\AIRecommendationController.scala. Using presentation compiler with project's scala-library version: 3.3.6
2025.11.29 16:49:19 INFO  no build target found for C:\Users\Joshua Goon\OneDrive\Documents\GitHub\Capstone-Project\app\src\main\scala\org\example\controllers\AIRecommendationController.scala. Using presentation compiler with project's scala-library version: 3.3.6
2025.11.29 16:49:19 INFO  no build target found for C:\Users\Joshua Goon\OneDrive\Documents\GitHub\Capstone-Project\app\src\main\scala\org\example\controllers\AIRecommendationController.scala. Using presentation compiler with project's scala-library version: 3.3.6
2025.11.29 16:49:20 INFO  no build target found for C:\Users\Joshua Goon\OneDrive\Documents\GitHub\Capstone-Project\app\src\main\scala\org\example\controllers\AIRecommendationController.scala. Using presentation compiler with project's scala-library version: 3.3.6
2025.11.29 16:49:21 INFO  no build target found for C:\Users\Joshua Goon\OneDrive\Documents\GitHub\Capstone-Project\app\src\main\scala\org\example\controllers\AIRecommendationController.scala. Using presentation compiler with project's scala-library version: 3.3.6
2025.11.29 16:49:20 INFO  no build target found for C:\Users\Joshua Goon\OneDrive\Documents\GitHub\Capstone-Project\app\src\main\scala\org\example\controllers\AIRecommendationController.scala. Using presentation compiler with project's scala-library version: 3.3.6
2025.11.29 16:49:21 INFO  empty definition using pc, found symbol in pc: `<none>`. (full report at: "C:\Users\Joshua Goon\OneDrive\Documents\GitHub\Capstone-Project\.metals\.reports\metals-full\2025-11-29\r_empty-definition_16-29-45-319.md")
Nov 29, 2025 4:49:21 PM org.eclipse.lsp4j.jsonrpc.RemoteEndpoint handleCancellation
WARNING: Unmatched cancel notification for request id 414
2025.11.29 16:49:21 INFO  no build target found for C:\Users\Joshua Goon\OneDrive\Documents\GitHub\Capstone-Project\app\src\main\scala\org\example\controllers\AIRecommendationController.scala. Using presentation compiler with project's scala-library version: 3.3.6
2025.11.29 16:49:21 INFO  no build target found for C:\Users\Joshua Goon\OneDrive\Documents\GitHub\Capstone-Project\app\src\main\scala\org\example\controllers\AIRecommendationController.scala. Using presentation compiler with project's scala-library version: 3.3.6
2025.11.29 16:49:21 INFO  no build target found for C:\Users\Joshua Goon\OneDrive\Documents\GitHub\Capstone-Project\app\src\main\scala\org\example\controllers\AIRecommendationController.scala. Using presentation compiler with project's scala-library version: 3.3.6
2025.11.29 16:49:21 INFO  no build target found for C:\Users\Joshua Goon\OneDrive\Documents\GitHub\Capstone-Project\app\src\main\scala\org\example\controllers\AIRecommendationController.scala. Using presentation compiler with project's scala-library version: 3.3.6
2025.11.29 16:49:21 INFO  no build target found for C:\Users\Joshua Goon\OneDrive\Documents\GitHub\Capstone-Project\app\src\main\scala\org\example\controllers\AIRecommendationController.scala. Using presentation compiler with project's scala-library version: 3.3.6
2025.11.29 16:49:23 INFO  no build target found for C:\Users\Joshua Goon\OneDrive\Documents\GitHub\Capstone-Project\app\src\main\scala\org\example\controllers\AIRecommendationController.scala. Using presentation compiler with project's scala-library version: 3.3.6
2025.11.29 16:49:33 INFO  no build target found for C:\Users\Joshua Goon\OneDrive\Documents\GitHub\Capstone-Project\app\src\main\scala\org\example\controllers\AIRecommendationController.scala. Using presentation compiler with project's scala-library version: 3.3.6
2025.11.29 16:49:34 INFO  no build target found for C:\Users\Joshua Goon\OneDrive\Documents\GitHub\Capstone-Project\app\src\main\scala\org\example\controllers\AIRecommendationController.scala. Using presentation compiler with project's scala-library version: 3.3.6
2025.11.29 16:51:37 INFO  no build target found for C:\Users\Joshua Goon\OneDrive\Documents\GitHub\Capstone-Project\app\src\main\scala\org\example\controllers\AIRecommendationController.scala. Using presentation compiler with project's scala-library version: 3.3.6
2025.11.29 16:51:37 INFO  no build target found for C:\Users\Joshua Goon\OneDrive\Documents\GitHub\Capstone-Project\app\src\main\scala\org\example\controllers\AIRecommendationController.scala. Using presentation compiler with project's scala-library version: 3.3.6
2025.11.29 16:51:37 INFO  no build target found for C:\Users\Joshua Goon\OneDrive\Documents\GitHub\Capstone-Project\app\src\main\scala\org\example\controllers\AIRecommendationController.scala. Using presentation compiler with project's scala-library version: 3.3.6
2025.11.29 16:51:37 INFO  empty definition using pc, found symbol in pc: `<none>`. (full report at: "C:\Users\Joshua Goon\OneDrive\Documents\GitHub\Capstone-Project\.metals\.reports\metals-full\2025-11-29\r_empty-definition_16-29-45-319.md")
2025.11.29 16:51:37 INFO  no build target found for C:\Users\Joshua Goon\OneDrive\Documents\GitHub\Capstone-Project\app\src\main\scala\org\example\controllers\AIRecommendationController.scala. Using presentation compiler with project's scala-library version: 3.3.6
2025.11.29 16:51:37 INFO  no build target found for C:\Users\Joshua Goon\OneDrive\Documents\GitHub\Capstone-Project\app\src\main\scala\org\example\controllers\AIRecommendationController.scala. Using presentation compiler with project's scala-library version: 3.3.6
2025.11.29 16:51:37 INFO  no build target found for C:\Users\Joshua Goon\OneDrive\Documents\GitHub\Capstone-Project\app\src\main\scala\org\example\controllers\AIRecommendationController.scala. Using presentation compiler with project's scala-library version: 3.3.6
2025.11.29 16:51:38 INFO  no build target found for C:\Users\Joshua Goon\OneDrive\Documents\GitHub\Capstone-Project\app\src\main\scala\org\example\controllers\AIRecommendationController.scala. Using presentation compiler with project's scala-library version: 3.3.6
2025.11.29 16:51:38 INFO  no build target found for C:\Users\Joshua Goon\OneDrive\Documents\GitHub\Capstone-Project\app\src\main\scala\org\example\controllers\AIRecommendationController.scala. Using presentation compiler with project's scala-library version: 3.3.6
2025.11.29 16:51:38 INFO  no build target found for C:\Users\Joshua Goon\OneDrive\Documents\GitHub\Capstone-Project\app\src\main\scala\org\example\controllers\AIRecommendationController.scala. Using presentation compiler with project's scala-library version: 3.3.6
2025.11.29 16:51:38 WARN  no build target for: C:\Users\Joshua Goon\OneDrive\Documents\GitHub\Capstone-Project\app\src\main\scala\org\example\controllers\AIRecommendationController.scala
2025.11.29 16:51:38 INFO  no build target found for C:\Users\Joshua Goon\OneDrive\Documents\GitHub\Capstone-Project\app\src\main\scala\org\example\controllers\AIRecommendationController.scala. Using presentation compiler with project's scala-library version: 3.3.6
2025.11.29 16:51:38 INFO  no build target found for C:\Users\Joshua Goon\OneDrive\Documents\GitHub\Capstone-Project\app\src\main\scala\org\example\controllers\AIRecommendationController.scala. Using presentation compiler with project's scala-library version: 3.3.6
Nov 29, 2025 4:51:39 PM scala.meta.internal.pc.CompilerAccess handleError
SEVERE: A severe compiler error occurred, full details of the error can be found in the error report C:\Users\Joshua Goon\OneDrive\Documents\GitHub\Capstone-Project\.metals\.reports\metals-full\2025-11-29\r_compiler-error_16-51-39-085.md
2025.11.29 16:51:39 INFO  no build target found for C:\Users\Joshua Goon\OneDrive\Documents\GitHub\Capstone-Project\app\src\main\scala\org\example\controllers\AIRecommendationController.scala. Using presentation compiler with project's scala-library version: 3.3.6
2025.11.29 16:51:38 WARN  no build target for: C:\Users\Joshua Goon\OneDrive\Documents\GitHub\Capstone-Project\app\src\main\scala\org\example\controllers\AIRecommendationController.scala
2025.11.29 16:51:39 INFO  no build target found for C:\Users\Joshua Goon\OneDrive\Documents\GitHub\Capstone-Project\app\src\main\scala\org\example\controllers\AIRecommendationController.scala. Using presentation compiler with project's scala-library version: 3.3.6
2025.11.29 16:51:38 INFO  no build target found for C:\Users\Joshua Goon\OneDrive\Documents\GitHub\Capstone-Project\app\src\main\scala\org\example\controllers\AIRecommendationController.scala. Using presentation compiler with project's scala-library version: 3.3.6
2025.11.29 16:51:39 INFO  no build target found for C:\Users\Joshua Goon\OneDrive\Documents\GitHub\Capstone-Project\app\src\main\scala\org\example\controllers\AIRecommendationController.scala. Using presentation compiler with project's scala-library version: 3.3.6
Nov 29, 2025 4:51:39 PM scala.meta.internal.pc.CompilerAccess handleError
SEVERE: A severe compiler error occurred, full details of the error can be found in the error report C:\Users\Joshua Goon\OneDrive\Documents\GitHub\Capstone-Project\.metals\.reports\metals-full\2025-11-29\r_compiler-error_16-51-39-325.md
2025.11.29 16:53:24 WARN  no build target for: C:\Users\Joshua Goon\OneDrive\Documents\GitHub\Capstone-Project\app\src\main\scala\org\example\models\RealStudent.scala
2025.11.29 16:53:24 INFO  no build target found for C:\Users\Joshua Goon\OneDrive\Documents\GitHub\Capstone-Project\app\src\main\scala\org\example\models\RealStudent.scala. Using presentation compiler with project's scala-library version: 3.3.6
2025.11.29 16:53:24 INFO  no build target found for C:\Users\Joshua Goon\OneDrive\Documents\GitHub\Capstone-Project\app\src\main\scala\org\example\models\RealStudent.scala. Using presentation compiler with project's scala-library version: 3.3.6
2025.11.29 16:53:24 INFO  no build target found for C:\Users\Joshua Goon\OneDrive\Documents\GitHub\Capstone-Project\app\src\main\scala\org\example\models\RealStudent.scala. Using presentation compiler with project's scala-library version: 3.3.6
2025.11.29 16:53:26 INFO  no build target found for C:\Users\Joshua Goon\OneDrive\Documents\GitHub\Capstone-Project\app\src\main\scala\org\example\models\RealStudent.scala. Using presentation compiler with project's scala-library version: 3.3.6
2025.11.29 16:53:26 INFO  no build target found for C:\Users\Joshua Goon\OneDrive\Documents\GitHub\Capstone-Project\app\src\main\scala\org\example\models\RealStudent.scala. Using presentation compiler with project's scala-library version: 3.3.6
2025.11.29 16:53:28 INFO  no build target found for C:\Users\Joshua Goon\OneDrive\Documents\GitHub\Capstone-Project\app\src\main\scala\org\example\models\RealStudent.scala. Using presentation compiler with project's scala-library version: 3.3.6
2025.11.29 16:53:28 INFO  no build target found for C:\Users\Joshua Goon\OneDrive\Documents\GitHub\Capstone-Project\app\src\main\scala\org\example\models\RealStudent.scala. Using presentation compiler with project's scala-library version: 3.3.6
2025.11.29 16:53:28 INFO  no build target found for C:\Users\Joshua Goon\OneDrive\Documents\GitHub\Capstone-Project\app\src\main\scala\org\example\models\RealStudent.scala. Using presentation compiler with project's scala-library version: 3.3.6
2025.11.29 16:53:29 INFO  no build target found for C:\Users\Joshua Goon\OneDrive\Documents\GitHub\Capstone-Project\app\src\main\scala\org\example\models\RealStudent.scala. Using presentation compiler with project's scala-library version: 3.3.6
2025.11.29 16:53:29 WARN  no build target for: C:\Users\Joshua Goon\OneDrive\Documents\GitHub\Capstone-Project\app\src\main\scala\org\example\models\RealStudent.scala
2025.11.29 16:53:29 INFO  no build target found for C:\Users\Joshua Goon\OneDrive\Documents\GitHub\Capstone-Project\app\src\main\scala\org\example\models\RealStudent.scala. Using presentation compiler with project's scala-library version: 3.3.6
2025.11.29 16:53:29 INFO  no build target found for C:\Users\Joshua Goon\OneDrive\Documents\GitHub\Capstone-Project\app\src\main\scala\org\example\models\RealStudent.scala. Using presentation compiler with project's scala-library version: 3.3.6
2025.11.29 16:53:30 INFO  no build target found for C:\Users\Joshua Goon\OneDrive\Documents\GitHub\Capstone-Project\app\src\main\scala\org\example\models\RealStudent.scala. Using presentation compiler with project's scala-library version: 3.3.6
2025.11.29 16:53:30 WARN  no build target for: C:\Users\Joshua Goon\OneDrive\Documents\GitHub\Capstone-Project\app\src\main\scala\org\example\models\RealStudent.scala
2025.11.29 16:53:29 INFO  no build target found for C:\Users\Joshua Goon\OneDrive\Documents\GitHub\Capstone-Project\app\src\main\scala\org\example\models\RealStudent.scala. Using presentation compiler with project's scala-library version: 3.3.6
2025.11.29 16:53:38 WARN  no build target for: C:\Users\Joshua Goon\OneDrive\Documents\GitHub\Capstone-Project\app\src\main\scala\org\example\models\RealSubject.scala
2025.11.29 16:53:38 INFO  no build target found for C:\Users\Joshua Goon\OneDrive\Documents\GitHub\Capstone-Project\app\src\main\scala\org\example\models\RealSubject.scala. Using presentation compiler with project's scala-library version: 3.3.6
2025.11.29 16:53:38 INFO  no build target found for C:\Users\Joshua Goon\OneDrive\Documents\GitHub\Capstone-Project\app\src\main\scala\org\example\models\RealSubject.scala. Using presentation compiler with project's scala-library version: 3.3.6
2025.11.29 16:53:38 INFO  no build target found for C:\Users\Joshua Goon\OneDrive\Documents\GitHub\Capstone-Project\app\src\main\scala\org\example\models\RealSubject.scala. Using presentation compiler with project's scala-library version: 3.3.6
2025.11.29 16:53:38 INFO  no build target found for C:\Users\Joshua Goon\OneDrive\Documents\GitHub\Capstone-Project\app\src\main\scala\org\example\models\RealSubject.scala. Using presentation compiler with project's scala-library version: 3.3.6
2025.11.29 16:53:39 INFO  no build target found for C:\Users\Joshua Goon\OneDrive\Documents\GitHub\Capstone-Project\app\src\main\scala\org\example\models\RealSubject.scala. Using presentation compiler with project's scala-library version: 3.3.6
2025.11.29 16:53:39 INFO  no build target found for C:\Users\Joshua Goon\OneDrive\Documents\GitHub\Capstone-Project\app\src\main\scala\org\example\models\RealSubject.scala. Using presentation compiler with project's scala-library version: 3.3.6
2025.11.29 16:53:39 INFO  no build target found for C:\Users\Joshua Goon\OneDrive\Documents\GitHub\Capstone-Project\app\src\main\scala\org\example\models\RealSubject.scala. Using presentation compiler with project's scala-library version: 3.3.6
2025.11.29 16:53:40 INFO  no build target found for C:\Users\Joshua Goon\OneDrive\Documents\GitHub\Capstone-Project\app\src\main\scala\org\example\models\RealSubject.scala. Using presentation compiler with project's scala-library version: 3.3.6
2025.11.29 16:53:40 INFO  no build target found for C:\Users\Joshua Goon\OneDrive\Documents\GitHub\Capstone-Project\app\src\main\scala\org\example\models\RealSubject.scala. Using presentation compiler with project's scala-library version: 3.3.6
2025.11.29 16:53:40 WARN  no build target for: C:\Users\Joshua Goon\OneDrive\Documents\GitHub\Capstone-Project\app\src\main\scala\org\example\models\RealSubject.scala
2025.11.29 16:53:40 INFO  no build target found for C:\Users\Joshua Goon\OneDrive\Documents\GitHub\Capstone-Project\app\src\main\scala\org\example\models\RealSubject.scala. Using presentation compiler with project's scala-library version: 3.3.6
2025.11.29 16:55:01 INFO  no build target found for C:\Users\Joshua Goon\OneDrive\Documents\GitHub\Capstone-Project\app\src\main\scala\org\example\models\RealSubject.scala. Using presentation compiler with project's scala-library version: 3.3.6
2025.11.29 16:55:01 INFO  no build target found for C:\Users\Joshua Goon\OneDrive\Documents\GitHub\Capstone-Project\app\src\main\scala\org\example\models\RealSubject.scala. Using presentation compiler with project's scala-library version: 3.3.6
2025.11.29 17:00:51 INFO  no build target found for C:\Users\Joshua Goon\OneDrive\Documents\GitHub\Capstone-Project\app\src\main\scala\org\example\models\RealSubject.scala. Using presentation compiler with project's scala-library version: 3.3.6
2025.11.29 17:00:51 INFO  no build target found for C:\Users\Joshua Goon\OneDrive\Documents\GitHub\Capstone-Project\app\src\main\scala\org\example\models\RealSubject.scala. Using presentation compiler with project's scala-library version: 3.3.6
2025.11.29 17:00:51 INFO  no build target found for C:\Users\Joshua Goon\OneDrive\Documents\GitHub\Capstone-Project\app\src\main\scala\org\example\models\RealSubject.scala. Using presentation compiler with project's scala-library version: 3.3.6
2025.11.29 17:00:51 WARN  no build target for: C:\Users\Joshua Goon\OneDrive\Documents\GitHub\Capstone-Project\app\src\main\scala\org\example\models\RealSubject.scala
2025.11.29 17:00:51 INFO  no build target found for C:\Users\Joshua Goon\OneDrive\Documents\GitHub\Capstone-Project\app\src\main\scala\org\example\models\RealSubject.scala. Using presentation compiler with project's scala-library version: 3.3.6
2025.11.29 17:00:53 INFO  Shutting down server
2025.11.29 17:00:53 INFO  shutting down Metals
2025.11.29 17:00:53 INFO  Exiting server
2025.11.29 17:00:53 ERROR Unexpected error initializing server: 
org.eclipse.lsp4j.jsonrpc.ResponseErrorException: Request window/showMessageRequest failed with message: Canceled
	at org.eclipse.lsp4j.jsonrpc.RemoteEndpoint.handleResponse(RemoteEndpoint.java:220)
	at org.eclipse.lsp4j.jsonrpc.RemoteEndpoint.consume(RemoteEndpoint.java:204)
	at org.eclipse.lsp4j.jsonrpc.json.StreamMessageProducer.handleMessage(StreamMessageProducer.java:185)
	at org.eclipse.lsp4j.jsonrpc.json.StreamMessageProducer.listen(StreamMessageProducer.java:97)
	at org.eclipse.lsp4j.jsonrpc.json.ConcurrentMessageProcessor.run(ConcurrentMessageProcessor.java:114)
	at java.util.concurrent.Executors$RunnableAdapter.call(Executors.java:539)
	at java.util.concurrent.FutureTask.run(FutureTask.java:264)
	at java.util.concurrent.ThreadPoolExecutor.runWorker(ThreadPoolExecutor.java:1136)
	at java.util.concurrent.ThreadPoolExecutor$Worker.run(ThreadPoolExecutor.java:635)
	at java.lang.Thread.run(Thread.java:833)

2025.12.04 10:30:20 INFO  tracing is disabled for protocol LSP, to enable tracing of incoming and outgoing JSON messages create an empty file at c:\Users\Joshua Goon\OneDrive\Documents\GitHub\Capstone-Project\.metals\lsp.trace.json or C:\Users\Joshua Goon\AppData\Local\scalameta\metals\cache\lsp.trace.json
2025.12.04 10:30:28 INFO  logging to files C:\Users\Joshua Goon\OneDrive\Documents\GitHub\Capstone-Project\.metals\metals.log
2025.12.04 10:30:28 INFO  Started: Metals version 1.6.4 in folders 'C:\Users\Joshua Goon\OneDrive\Documents\GitHub\Capstone-Project' for client Visual Studio Code 1.106.3.
2025.12.04 10:30:28 INFO  time: initialize in 0.23s
2025.12.04 10:30:34 WARN  Using H2 2.4.240 which is newer than the version Flyway has been verified with. The latest verified version of H2 is 2.3.232.
2025.12.04 10:31:19 WARN  no build target for: C:\Users\Joshua Goon\OneDrive\Documents\GitHub\Capstone-Project\app\src\main\scala\org\example\models\RealSubject.scala
2025.12.04 10:31:19 WARN  no build target for: C:\Users\Joshua Goon\OneDrive\Documents\GitHub\Capstone-Project\app\src\main\scala\org\example\repositories\RealStudentRepository.scala
2025.12.04 10:31:19 INFO  no build target found for C:\Users\Joshua Goon\OneDrive\Documents\GitHub\Capstone-Project\app\src\main\scala\org\example\repositories\RealStudentRepository.scala. Using presentation compiler with project's scala-library version: 3.3.6
2025.12.04 10:31:44 INFO  no build target found for C:\Users\Joshua Goon\OneDrive\Documents\GitHub\Capstone-Project\app\src\main\scala\org\example\models\RealSubject.scala. Using presentation compiler with project's scala-library version: 3.3.6
